<?xml version="1.0" encoding="utf-8"?><testsuites name="pytest tests"><testsuite name="pytest" errors="0" failures="0" skipped="0" tests="7" time="4.385" timestamp="2026-06-25T12:57:41.710145+00:00" hostname="agent-env-6e18a16c-2e66-4e0c-a630-e3b0535a8b27"><testcase classname="tests.test_live_match" name="test_health" time="0.216" /><testcase classname="tests.test_live_match" name="test_finished_match_detail" time="0.488" /><testcase classname="tests.test_live_match" name="test_admin_assigned_match_detail" time="0.425" /><testcase classname="tests.test_live_match" name="test_admin_other_match_no_manage" time="0.218" /><testcase classname="tests.test_live_match" name="test_admin_cannot_control_other_match" time="0.246" /><testcase classname="tests.test_live_match" name="test_full_live_flow_founder" time="1.986" /><testcase classname="tests.test_live_match" name="test_admin_can_control_assigned" time="0.339" /></testsuite></testsuites>