<?xml version="1.0" encoding="utf-8"?><testsuites name="pytest tests"><testsuite name="pytest" errors="0" failures="0" skipped="0" tests="7" time="8.083" timestamp="2026-06-23T21:12:36.311395+00:00" hostname="agent-env-6e18a16c-2e66-4e0c-a630-e3b0535a8b27"><testcase classname="tests.test_profile_and_delete_cup.TestProfileUpdate" name="test_update_username_returns_new_token" time="1.213" /><testcase classname="tests.test_profile_and_delete_cup.TestProfileUpdate" name="test_update_password" time="1.165" /><testcase classname="tests.test_profile_and_delete_cup.TestProfileUpdate" name="test_short_username_rejected" time="1.003" /><testcase classname="tests.test_profile_and_delete_cup.TestProfileUpdate" name="test_duplicate_username_rejected" time="0.761" /><testcase classname="tests.test_profile_and_delete_cup.TestDeleteCupTournament" name="test_delete_cup_in_running_mode" time="0.223" /><testcase classname="tests.test_profile_and_delete_cup.TestDeleteCupTournament" name="test_delete_cup_with_matches_clears_matches" time="1.652" /><testcase classname="tests.test_profile_and_delete_cup.TestFullCupFlow" name="test_4_team_cup_to_champion_with_draw_penalty" time="2.005" /></testsuite></testsuites>